<?xml version="1.0" encoding="UTF-8"?>
<!-- Generated by org.testng.reporters.JUnitReportReporter -->
<testsuite hostname="Vijayakumar" failures="0" tests="1" name="com.qa.blazedemo.test.FlightBookSuccessPageTest" time="1.511" errors="0" timestamp="2024-11-17T23:39:42 GMT+01:00" skipped="0">
  <testcase classname="com.qa.blazedemo.test.FlightBookSuccessPageTest" name="flightPurchaseTest" time="1.511"/>
  <system-out/>
</testsuite> <!-- com.qa.blazedemo.test.FlightBookSuccessPageTest -->
