<?xml version="1.0" encoding="UTF-8"?>
<!-- Generated by org.testng.reporters.JUnitReportReporter -->
<testsuite hostname="Vijayakumar" failures="0" tests="4" name="com.qa.blazedemo.test.LoginPageTest" time="0.736" errors="0" timestamp="2024-11-17T23:39:42 GMT+01:00" skipped="0">
  <testcase classname="com.qa.blazedemo.test.LoginPageTest" name="registerLinkExistsTest" time="0.069"/>
  <system-out/>
  <testcase classname="com.qa.blazedemo.test.LoginPageTest" name="forgotPasswordLinkTest" time="0.071"/>
  <system-out/>
  <testcase classname="com.qa.blazedemo.test.LoginPageTest" name="loginButtonExistsTest" time="0.042"/>
  <system-out/>
  <testcase classname="com.qa.blazedemo.test.LoginPageTest" name="clickOnRegisterLinkTest" time="0.554"/>
  <system-out/>
</testsuite> <!-- com.qa.blazedemo.test.LoginPageTest -->
