<?xml version="1.0" encoding="UTF-8"?>
<!-- Generated by org.testng.reporters.JUnitReportReporter -->
<testsuite hostname="Vijayakumar" failures="0" tests="6" name="com.qa.blazedemo.test.HomePageTest" time="0.929" errors="0" timestamp="2024-11-17T23:39:42 GMT+01:00" skipped="0">
  <testcase classname="com.qa.blazedemo.test.HomePageTest" name="homePageHeaderTest" time="0.040"/>
  <system-out/>
  <testcase classname="com.qa.blazedemo.test.HomePageTest" name="homePageTitleTest" time="0.020"/>
  <system-out/>
  <testcase classname="com.qa.blazedemo.test.HomePageTest" name="selectDepartureCityTest" time="0.252"/>
  <system-out/>
  <testcase classname="com.qa.blazedemo.test.HomePageTest" name="findFlightsButtonExistsTest" time="0.043"/>
  <system-out/>
  <testcase classname="com.qa.blazedemo.test.HomePageTest" name="selectDestinationCityTest" time="0.148"/>
  <system-out/>
  <testcase classname="com.qa.blazedemo.test.HomePageTest" name="clickOnFindFlightsTest" time="0.426"/>
  <system-out/>
</testsuite> <!-- com.qa.blazedemo.test.HomePageTest -->
