<?xml version="1.0" encoding="UTF-8"?>
<!-- Generated by org.testng.reporters.JUnitReportReporter -->
<testsuite hostname="Vijayakumar" failures="0" tests="1" name="com.qa.blazedemo.test.UserDetailsPageTest" time="1.579" errors="0" timestamp="2024-11-17T23:04:56 GMT+01:00" skipped="0">
  <testcase classname="com.qa.blazedemo.test.UserDetailsPageTest" name="enteruserDetailsAndPurchaseFlightTicket" time="1.579"/>
  <system-out/>
</testsuite> <!-- com.qa.blazedemo.test.UserDetailsPageTest -->
