<?xml version="1.0" encoding="UTF-8"?>
<!-- Generated by org.testng.reporters.JUnitReportReporter -->
<testsuite hostname="Vijayakumar" failures="0" tests="6" name="com.qa.blazedemo.test.HomePageTest" time="1.531" errors="0" timestamp="2024-11-17T23:27:16 GMT+01:00" skipped="0">
  <testcase classname="com.qa.blazedemo.test.HomePageTest" name="selectDestinationCityTest" time="0.202"/>
  <system-out/>
  <testcase classname="com.qa.blazedemo.test.HomePageTest" name="homePageHeaderTest" time="0.062"/>
  <system-out/>
  <testcase classname="com.qa.blazedemo.test.HomePageTest" name="homePageTitleTest" time="0.035"/>
  <system-out/>
  <testcase classname="com.qa.blazedemo.test.HomePageTest" name="selectDepartureCityTest" time="0.337"/>
  <system-out/>
  <testcase classname="com.qa.blazedemo.test.HomePageTest" name="findFlightsButtonExistsTest" time="0.095"/>
  <system-out/>
  <testcase classname="com.qa.blazedemo.test.HomePageTest" name="clickOnFindFlightsTest" time="0.800"/>
  <system-out/>
</testsuite> <!-- com.qa.blazedemo.test.HomePageTest -->
