<?xml version="1.0" encoding="UTF-8"?>
<!-- Generated by org.testng.reporters.JUnitReportReporter -->
<testsuite hostname="Vijayakumar" failures="0" tests="4" name="com.qa.blazedemo.test.LoginPageTest" time="0.762" errors="0" timestamp="2024-11-17T23:27:16 GMT+01:00" skipped="0">
  <testcase classname="com.qa.blazedemo.test.LoginPageTest" name="forgotPasswordLinkTest" time="0.061"/>
  <system-out/>
  <testcase classname="com.qa.blazedemo.test.LoginPageTest" name="registerLinkExistsTest" time="0.070"/>
  <system-out/>
  <testcase classname="com.qa.blazedemo.test.LoginPageTest" name="loginButtonExistsTest" time="0.031"/>
  <system-out/>
  <testcase classname="com.qa.blazedemo.test.LoginPageTest" name="clickOnRegisterLinkTest" time="0.600"/>
  <system-out/>
</testsuite> <!-- com.qa.blazedemo.test.LoginPageTest -->
