<?xml version="1.0" encoding="UTF-8"?>
<!-- Generated by org.testng.reporters.JUnitReportReporter -->
<testsuite hostname="Vijayakumar" failures="0" tests="1" name="com.qa.blazedemo.test.RegisterPageTest" time="1.685" errors="0" timestamp="2024-11-17T23:27:16 GMT+01:00" skipped="0">
  <testcase classname="com.qa.blazedemo.test.RegisterPageTest" name="userRegistrationTest" time="1.685"/>
  <system-out/>
</testsuite> <!-- com.qa.blazedemo.test.RegisterPageTest -->
