<?xml version="1.0" encoding="UTF-8"?>
<!-- Generated by org.testng.reporters.JUnitReportReporter -->
<testsuite hostname="Vijayakumar" failures="0" tests="2" name="com.qa.blazedemo.test.SelectFlightTest" time="0.633" errors="0" timestamp="2024-11-17T23:27:16 GMT+01:00" skipped="0">
  <testcase classname="com.qa.blazedemo.test.SelectFlightTest" name="isFlightPageHeaderDisplayed" time="0.068"/>
  <system-out/>
  <testcase classname="com.qa.blazedemo.test.SelectFlightTest" name="selectFlightTest" time="0.565"/>
  <system-out/>
</testsuite> <!-- com.qa.blazedemo.test.SelectFlightTest -->
